Actinomyces_gerencseriae_1058	gi|265678972|ref|NR_029280.1|	Actinomyces gerencseriae	Actinomyces gerencseriae	100.000	253	0	0	1	253	464	716	9.34e-132
Streptococcus_1088	gi|645321306|ref|NR_118304.1|	Streptococcus dysgalactiae subsp. equisimilis	Streptococcus dysgalactiae subsp. equisimilis	100.000	252	0	0	1	252	435	686	3.35e-131
Streptococcus_1088	gi|343203349|ref|NR_043661.1|	Streptococcus dysgalactiae subsp. equisimilis	Streptococcus dysgalactiae subsp. equisimilis	100.000	252	0	0	1	252	535	786	3.35e-131
Actinomyces_massiliensis_1192	gi|343199003|ref|NR_044288.1|	Actinomyces massiliensis 4401292	Actinomyces massiliensis 4401292	100.000	253	0	0	1	253	524	776	9.34e-132
Actinomyces_massiliensis_1192	gi|631251861|ref|NR_113059.1|	Actinomyces massiliensis 4401292	Actinomyces massiliensis 4401292	100.000	253	0	0	1	253	544	796	9.34e-132
Streptococcus_1293	gi|645322192|ref|NR_118998.1|	Streptococcus thermophilus	Streptococcus thermophilus	100.000	249	0	0	1	249	534	782	1.56e-129
Streptococcus_1293	gi|343198522|ref|NR_042778.1|	Streptococcus thermophilus	Streptococcus thermophilus	100.000	249	0	0	1	249	539	787	1.56e-129
Streptococcus_1293	gi|343198521|ref|NR_042777.1|	Streptococcus vestibularis ATCC 49124	Streptococcus vestibularis ATCC 49124	100.000	249	0	0	1	249	538	786	1.56e-129
Streptococcus_1293	gi|343198520|ref|NR_042776.1|	Streptococcus salivarius	Streptococcus salivarius	100.000	249	0	0	1	249	539	787	1.56e-129
Actinomyces_1394	gi|219846043|ref|NR_025633.1|	Actinomyces dentalis	Actinomyces dentalis	100.000	253	0	0	1	253	520	772	9.34e-132
Acinetobacter_1416	gi|2363081564|ref|NR_179028.1|	Acinetobacter guerrae	Acinetobacter guerrae	100.000	253	0	0	1	253	433	685	9.34e-132
Acinetobacter_1416	gi|219878253|ref|NR_025392.1|	Acinetobacter ursingii	Acinetobacter ursingii	100.000	253	0	0	1	253	466	718	9.34e-132
Acinetobacter_1416	gi|636560011|ref|NR_116071.1|	Acinetobacter septicus	Acinetobacter septicus	100.000	253	0	0	1	253	522	774	9.34e-132
Acinetobacter_1416	gi|636560010|ref|NR_116070.1|	Acinetobacter septicus	Acinetobacter septicus	100.000	253	0	0	1	253	522	774	9.34e-132
Acinetobacter_1416	gi|636560009|ref|NR_116069.1|	Acinetobacter septicus	Acinetobacter septicus	100.000	253	0	0	1	253	524	776	9.34e-132
Streptococcus_1431	gi|645322192|ref|NR_118998.1|	Streptococcus thermophilus	Streptococcus thermophilus	100.000	250	0	0	1	250	534	783	4.33e-130
Streptococcus_1431	gi|343198522|ref|NR_042778.1|	Streptococcus thermophilus	Streptococcus thermophilus	100.000	250	0	0	1	250	539	788	4.33e-130
Streptococcus_1431	gi|343198521|ref|NR_042777.1|	Streptococcus vestibularis ATCC 49124	Streptococcus vestibularis ATCC 49124	100.000	250	0	0	1	250	538	787	4.33e-130
Streptococcus_1431	gi|343198520|ref|NR_042776.1|	Streptococcus salivarius	Streptococcus salivarius	100.000	250	0	0	1	250	539	788	4.33e-130
Mycobacterium_1609	gi|1277396244|ref|NR_151955.1|	Mycolicibacterium montmartrense	Mycolicibacterium montmartrense	100.000	253	0	0	1	253	489	741	9.34e-132
Mycobacterium_1609	gi|1277396243|ref|NR_151954.1|	Mycolicibacterium arcueilense	Mycolicibacterium arcueilense	100.000	253	0	0	1	253	491	743	9.34e-132
Mycobacterium_1609	gi|1277396242|ref|NR_151953.1|	Mycolicibacterium lutetiense	Mycolicibacterium lutetiense	100.000	253	0	0	1	253	500	752	9.34e-132
Mycobacterium_1609	gi|2363083648|ref|NR_180072.1|	Mycolicibacterium nivoides	Mycolicibacterium nivoides	100.000	253	0	0	1	253	499	751	9.34e-132
Mycobacterium_1609	gi|2363083070|ref|NR_179783.1|	Mycobacterium syngnathidarum	Mycobacterium syngnathidarum	100.000	253	0	0	1	253	506	758	9.34e-132
Mycobacterium_1609	gi|645321711|ref|NR_118612.1|	Mycolicibacterium smegmatis	Mycolicibacterium smegmatis	100.000	253	0	0	1	253	440	692	9.34e-132
Mycobacterium_1609	gi|636558603|ref|NR_114660.1|	Mycolicibacterium senegalense	Mycolicibacterium senegalense	100.000	253	0	0	1	253	479	731	9.34e-132
Mycobacterium_1609	gi|636558600|ref|NR_114657.1|	Mycolicibacterium porcinum	Mycolicibacterium porcinum	100.000	253	0	0	1	253	479	731	9.34e-132
Mycobacterium_1609	gi|343198468|ref|NR_041900.1|	Mycolicibacterium neoaurum ATCC 25795	Mycolicibacterium neoaurum ATCC 25795	100.000	253	0	0	1	253	479	731	9.34e-132
Mycobacterium_1609	gi|636559176|ref|NR_115233.1|	Mycolicibacterium smegmatis	Mycolicibacterium smegmatis	100.000	253	0	0	1	253	504	756	9.34e-132
Mycobacterium_1609	gi|645322049|ref|NR_118883.1|	Mycolicibacterium fortuitum subsp. fortuitum DSM 46621 = ATCC 6841 = JCM 6387	Mycolicibacterium fortuitum subsp. fortuitum DSM 46621 = ATCC 6841 = JCM 6387	100.000	253	0	0	1	253	469	721	9.34e-132
Mycobacterium_1609	gi|636559057|ref|NR_115114.1|	Mycolicibacterium houstonense	Mycolicibacterium houstonense	100.000	253	0	0	1	253	479	731	9.34e-132
Mycobacterium_1609	gi|636559056|ref|NR_115113.1|	Mycolicibacterium neworleansense	Mycolicibacterium neworleansense	100.000	253	0	0	1	253	474	726	9.34e-132
Mycobacterium_1609	gi|636558838|ref|NR_114895.1|	Mycolicibacterium smegmatis	Mycolicibacterium smegmatis	100.000	253	0	0	1	253	483	735	9.34e-132
Mycobacterium_1609	gi|636558836|ref|NR_114893.1|	Mycolicibacterium fortuitum subsp. fortuitum DSM 46621 = ATCC 6841 = JCM 6387	Mycolicibacterium fortuitum subsp. fortuitum DSM 46621 = ATCC 6841 = JCM 6387	100.000	253	0	0	1	253	479	731	9.34e-132
Mycobacterium_1609	gi|636558384|ref|NR_114440.1|	Mycolicibacterium farcinogenes	Mycolicibacterium farcinogenes	100.000	253	0	0	1	253	477	729	9.34e-132
Mycobacterium_1609	gi|265678731|ref|NR_029036.1|	Mycolicibacterium boenickei	Mycolicibacterium boenickei	100.000	253	0	0	1	253	500	752	9.34e-132
Mycobacterium_1609	gi|219878172|ref|NR_025311.1|	Mycolicibacterium smegmatis	Mycolicibacterium smegmatis	100.000	253	0	0	1	253	473	725	9.34e-132
Mycobacterium_1609	gi|343202780|ref|NR_043239.1|	Mycolicibacterium conceptionense	Mycolicibacterium conceptionense	100.000	253	0	0	1	253	500	752	9.34e-132
Mycobacterium_1609	gi|636558448|ref|NR_114504.1|	Mycolicibacterium peregrinum	Mycolicibacterium peregrinum	100.000	253	0	0	1	253	479	731	9.34e-132
Mycobacterium_1609	gi|636558436|ref|NR_114492.1|	Mycolicibacterium septicum DSM 44393	Mycolicibacterium septicum DSM 44393	100.000	253	0	0	1	253	479	731	9.34e-132
Mycobacterium_1609	gi|219846693|ref|NR_026285.1|	Mycolicibacterium parafortuitum	Mycolicibacterium parafortuitum	100.000	253	0	0	1	253	477	729	9.34e-132
Mycobacterium_1609	gi|636560231|ref|NR_116291.1|	Mycolicibacterium setense	Mycolicibacterium setense	100.000	253	0	0	1	253	479	731	9.34e-132
Mycobacterium_1609	gi|343198943|ref|NR_044110.1|	Mycolicibacterium setense	Mycolicibacterium setense	100.000	253	0	0	1	253	474	726	9.34e-132
Mycobacterium_1609	gi|636560496|ref|NR_116556.1|	Mycolicibacterium neoaurum ATCC 25795	Mycolicibacterium neoaurum ATCC 25795	100.000	253	0	0	1	253	491	743	9.34e-132
Mycobacterium_1609	gi|265679033|ref|NR_029341.1|	Mycolicibacterium goodii	Mycolicibacterium goodii	100.000	253	0	0	1	253	421	673	9.34e-132
Mycobacterium_1609	gi|559795186|ref|NR_104775.1|	Mycolicibacterium fortuitum subsp. acetamidolyticum	Mycolicibacterium fortuitum subsp. acetamidolyticum	100.000	253	0	0	1	253	494	746	9.34e-132
Mycobacterium_1609	gi|343202567|ref|NR_042923.1|	Mycolicibacterium farcinogenes	Mycolicibacterium farcinogenes	100.000	253	0	0	1	253	500	752	9.34e-132
Mycobacterium_1609	gi|343202565|ref|NR_042921.1|	Mycolicibacterium senegalense	Mycolicibacterium senegalense	100.000	253	0	0	1	253	500	752	9.34e-132
Mycobacterium_1609	gi|343202564|ref|NR_042920.1|	Mycolicibacterium porcinum	Mycolicibacterium porcinum	100.000	253	0	0	1	253	500	752	9.34e-132
Mycobacterium_1609	gi|343202560|ref|NR_042916.1|	Mycolicibacterium septicum DSM 44393	Mycolicibacterium septicum DSM 44393	100.000	253	0	0	1	253	500	752	9.34e-132
Mycobacterium_1609	gi|343202559|ref|NR_042915.1|	Mycolicibacterium peregrinum	Mycolicibacterium peregrinum	100.000	253	0	0	1	253	500	752	9.34e-132
Mycobacterium_1609	gi|343202558|ref|NR_042914.1|	Mycolicibacterium neworleansense	Mycolicibacterium neworleansense	100.000	253	0	0	1	253	500	752	9.34e-132
Mycobacterium_1609	gi|343202557|ref|NR_042913.1|	Mycolicibacterium houstonense	Mycolicibacterium houstonense	100.000	253	0	0	1	253	500	752	9.34e-132
Mycobacterium_1609	gi|343202556|ref|NR_042912.1|	Mycolicibacterium fortuitum subsp. fortuitum DSM 46621 = ATCC 6841 = JCM 6387	Mycolicibacterium fortuitum subsp. fortuitum DSM 46621 = ATCC 6841 = JCM 6387	100.000	253	0	0	1	253	500	752	9.34e-132
Acinetobacter_1686	gi|1811131484|ref|NR_165666.1|	Acinetobacter chinensis	Acinetobacter chinensis	100.000	253	0	0	1	253	571	823	9.34e-132
Acinetobacter_1686	gi|2180566459|ref|NR_174302.1|	Acinetobacter chengduensis	Acinetobacter chengduensis	100.000	253	0	0	1	253	525	777	9.34e-132
Acinetobacter_1686	gi|1953646526|ref|NR_171416.1|	Acinetobacter sichuanensis	Acinetobacter sichuanensis	100.000	253	0	0	1	253	522	774	9.34e-132
Acinetobacter_1686	gi|2363084571|ref|NR_180534.1|	Acinetobacter rongchengensis	Acinetobacter rongchengensis	100.000	253	0	0	1	253	526	778	9.34e-132
Acinetobacter_1686	gi|2363084569|ref|NR_180533.1|	Acinetobacter tianfuensis	Acinetobacter tianfuensis	100.000	253	0	0	1	253	525	777	9.34e-132
Acinetobacter_1686	gi|961554986|ref|NR_133953.1|	Acinetobacter gandensis	Acinetobacter gandensis	100.000	253	0	0	1	253	471	723	9.34e-132
Acinetobacter_1686	gi|645320417|ref|NR_117628.1|	Acinetobacter bouvetii	Acinetobacter bouvetii	100.000	253	0	0	1	253	522	774	9.34e-132
Streptococcus_1737	gi|2363087451|ref|NR_181987.1|	Streptococcus vicugnae	Streptococcus vicugnae	100.000	252	0	0	1	252	521	772	3.35e-131
Streptococcus_1737	gi|631252396|ref|NR_113594.1|	Streptococcus equinus	Streptococcus equinus	100.000	252	0	0	1	252	514	765	3.35e-131
Streptococcus_1737	gi|636559659|ref|NR_115719.1|	Streptococcus lutetiensis	Streptococcus lutetiensis	100.000	252	0	0	1	252	506	757	3.35e-131
Streptococcus_1737	gi|343201326|ref|NR_042052.1|	Streptococcus equinus ATCC 9812	Streptococcus equinus ATCC 9812	100.000	252	0	0	1	252	437	688	3.35e-131
Streptococcus_1737	gi|343201325|ref|NR_042051.1|	Streptococcus lutetiensis	Streptococcus lutetiensis	100.000	252	0	0	1	252	466	717	3.35e-131
Streptococcus_1737	gi|636558585|ref|NR_114642.1|	Streptococcus equinus	Streptococcus equinus	100.000	252	0	0	1	252	496	747	3.35e-131
Streptococcus_1737	gi|559795398|ref|NR_104991.1|	Streptococcus infantarius	Streptococcus infantarius	100.000	252	0	0	1	252	494	745	3.35e-131
Streptococcus_1737	gi|310975232|ref|NR_037096.1|	Streptococcus lutetiensis	Streptococcus lutetiensis	100.000	252	0	0	1	252	512	763	3.35e-131
Actinomyces_1777	gi|265678978|ref|NR_029286.1|	Schaalia meyeri	Schaalia meyeri	100.000	253	0	0	1	253	513	765	9.34e-132
