Staphylococcus_2	gi|1269859156|ref|NR_037007.2|	Staphylococcus aureus	Staphylococcus aureus	100.000	253	0	0	1	253	541	793	9.34e-132
Staphylococcus_2	gi|1269785412|ref|NR_118997.2|	Staphylococcus aureus	Staphylococcus aureus	100.000	253	0	0	1	253	541	793	9.34e-132
Staphylococcus_2	gi|2363087449|ref|NR_181985.1|	Staphylococcus schweitzeri	Staphylococcus schweitzeri	100.000	253	0	0	1	253	514	766	9.34e-132
Staphylococcus_2	gi|2363087447|ref|NR_181984.1|	Staphylococcus argenteus	Staphylococcus argenteus	100.000	253	0	0	1	253	514	766	9.34e-132
Staphylococcus_2	gi|2363087175|ref|NR_181843.1|	Staphylococcus taiwanensis	Staphylococcus taiwanensis	100.000	253	0	0	1	253	541	793	9.34e-132
Staphylococcus_2	gi|2363086019|ref|NR_181262.1|	Staphylococcus caledonicus	Staphylococcus caledonicus	100.000	253	0	0	1	253	534	786	9.34e-132
Staphylococcus_2	gi|2363085989|ref|NR_181247.1|	Staphylococcus borealis	Staphylococcus borealis	100.000	253	0	0	1	253	539	791	9.34e-132
Staphylococcus_2	gi|2363082986|ref|NR_179741.1|	Staphylococcus schweitzeri	Staphylococcus schweitzeri	100.000	253	0	0	1	253	486	738	9.34e-132
Staphylococcus_2	gi|2363082984|ref|NR_179740.1|	Staphylococcus argenteus	Staphylococcus argenteus	100.000	253	0	0	1	253	486	738	9.34e-132
Staphylococcus_2	gi|1018196584|ref|NR_136463.1|	Staphylococcus pragensis	Staphylococcus pragensis	100.000	253	0	0	1	253	518	770	9.34e-132
Staphylococcus_2	gi|2221405513|ref|NR_175559.1|	Staphylococcus roterodami	Staphylococcus roterodami	100.000	253	0	0	1	253	534	786	9.34e-132
Staphylococcus_2	gi|645321498|ref|NR_118450.1|	Staphylococcus petrasii	Staphylococcus petrasii	100.000	253	0	0	1	253	515	767	9.34e-132
Staphylococcus_2	gi|645319620|ref|NR_117006.1|	Staphylococcus capitis	Staphylococcus capitis	100.000	253	0	0	1	253	461	713	9.34e-132
Staphylococcus_2	gi|631252759|ref|NR_113957.1|	Staphylococcus epidermidis	Staphylococcus epidermidis	100.000	253	0	0	1	253	514	766	9.34e-132
Staphylococcus_2	gi|631252758|ref|NR_113956.1|	Staphylococcus aureus	Staphylococcus aureus	100.000	253	0	0	1	253	514	766	9.34e-132
Staphylococcus_2	gi|922788119|ref|NR_132590.1|	Staphylococcus croceilyticus	Staphylococcus croceilyticus	100.000	253	0	0	1	253	537	789	9.34e-132
Staphylococcus_2	gi|645322521|ref|NR_119252.1|	Staphylococcus caprae	Staphylococcus caprae	100.000	253	0	0	1	253	510	762	9.34e-132
Staphylococcus_2	gi|636559546|ref|NR_115606.1|	Staphylococcus aureus	Staphylococcus aureus	100.000	253	0	0	1	253	516	768	9.34e-132
Staphylococcus_2	gi|636558379|ref|NR_114435.1|	Staphylococcus pasteuri	Staphylococcus pasteuri	100.000	253	0	0	1	253	484	736	9.34e-132
Staphylococcus_2	gi|310975040|ref|NR_036904.1|	Staphylococcus epidermidis	Staphylococcus epidermidis	100.000	253	0	0	1	253	516	768	9.34e-132
Staphylococcus_2	gi|310974964|ref|NR_036828.1|	Staphylococcus aureus	Staphylococcus aureus	100.000	253	0	0	1	253	516	768	9.34e-132
Staphylococcus_2	gi|310974912|ref|NR_036775.1|	Staphylococcus capitis	Staphylococcus capitis	100.000	253	0	0	1	253	514	766	9.34e-132
Staphylococcus_2	gi|265678852|ref|NR_029158.1|	Staphylococcus saccharolyticus	Staphylococcus saccharolyticus	100.000	253	0	0	1	253	523	775	9.34e-132
Staphylococcus_2	gi|228715347|ref|NR_027519.1|	Staphylococcus capitis subsp. urealyticus	Staphylococcus capitis subsp. urealyticus	100.000	253	0	0	1	253	534	786	9.34e-132
Staphylococcus_2	gi|219856850|ref|NR_024669.1|	Staphylococcus pasteuri	Staphylococcus pasteuri	100.000	253	0	0	1	253	534	786	9.34e-132
Staphylococcus_2	gi|219856849|ref|NR_024668.1|	Staphylococcus lugdunensis	Staphylococcus lugdunensis	100.000	253	0	0	1	253	534	786	9.34e-132
Staphylococcus_2	gi|219856846|ref|NR_024665.1|	Staphylococcus caprae	Staphylococcus caprae	100.000	253	0	0	1	253	534	786	9.34e-132
Staphylococcus_2	gi|645321232|ref|NR_118248.1|	Staphylococcus petrasii	Staphylococcus petrasii	100.000	253	0	0	1	253	522	774	9.34e-132
Staphylococcus_2	gi|631252207|ref|NR_113405.1|	Staphylococcus saccharolyticus	Staphylococcus saccharolyticus	100.000	253	0	0	1	253	534	786	9.34e-132
Staphylococcus_2	gi|631252150|ref|NR_113348.1|	Staphylococcus capitis	Staphylococcus capitis	100.000	253	0	0	1	253	514	766	9.34e-132
Staphylococcus_2	gi|631252147|ref|NR_113345.1|	Staphylococcus haemolyticus	Staphylococcus haemolyticus	100.000	253	0	0	1	253	514	766	9.34e-132
Staphylococcus_2	gi|343198638|ref|NR_043146.1|	Staphylococcus simiae CCM 7213 = CCUG 51256	Staphylococcus simiae CCM 7213 = CCUG 51256	100.000	253	0	0	1	253	515	767	9.34e-132
Staphylococcus_2	gi|343200636|ref|NR_041323.1|	Staphylococcus hominis subsp. novobiosepticus	Staphylococcus hominis subsp. novobiosepticus	100.000	253	0	0	1	253	507	759	9.34e-132
Staphylococcus_2	gi|219846332|ref|NR_025922.1|	Staphylococcus warneri	Staphylococcus warneri	100.000	253	0	0	1	253	514	766	9.34e-132
Streptococcus_4	gi|645322192|ref|NR_118998.1|	Streptococcus thermophilus	Streptococcus thermophilus	100.000	252	0	0	1	252	534	785	3.35e-131
Streptococcus_4	gi|343198522|ref|NR_042778.1|	Streptococcus thermophilus	Streptococcus thermophilus	100.000	252	0	0	1	252	539	790	3.35e-131
Streptococcus_4	gi|343198521|ref|NR_042777.1|	Streptococcus vestibularis ATCC 49124	Streptococcus vestibularis ATCC 49124	100.000	252	0	0	1	252	538	789	3.35e-131
Streptococcus_4	gi|343198520|ref|NR_042776.1|	Streptococcus salivarius	Streptococcus salivarius	100.000	252	0	0	1	252	539	790	3.35e-131
Moraxella_5	gi|559795345|ref|NR_104938.1|	Moraxella nonliquefaciens	Moraxella nonliquefaciens	100.000	253	0	0	1	253	516	768	9.34e-132
Moraxella_5	gi|645320642|ref|NR_117799.1|	Moraxella nonliquefaciens	Moraxella nonliquefaciens	100.000	253	0	0	1	253	496	748	9.34e-132
Moraxella_5	gi|645321910|ref|NR_118775.1|	Moraxella catarrhalis	Moraxella catarrhalis	100.000	253	0	0	1	253	515	767	9.34e-132
Moraxella_5	gi|265678367|ref|NR_028669.1|	Moraxella catarrhalis	Moraxella catarrhalis	100.000	253	0	0	1	253	489	741	9.34e-132
Streptococcus_8	gi|1811131565|ref|NR_165747.1|	Streptococcus periodonticum	Streptococcus periodonticum	100.000	252	0	0	1	252	512	763	3.35e-131
Streptococcus_8	gi|2363084762|ref|NR_180629.1|	Streptococcus symci	Streptococcus symci	100.000	252	0	0	1	252	494	745	3.35e-131
Streptococcus_8	gi|2363084754|ref|NR_180625.1|	Streptococcus shenyangsis	Streptococcus shenyangsis	100.000	252	0	0	1	252	494	745	3.35e-131
Streptococcus_8	gi|2363082587|ref|NR_179540.1|	Streptococcus timonensis	Streptococcus timonensis	100.000	252	0	0	1	252	532	783	3.35e-131
Streptococcus_8	gi|2363082276|ref|NR_179385.1|	Streptococcus toyakuensis	Streptococcus toyakuensis	100.000	252	0	0	1	252	536	787	3.35e-131
Streptococcus_8	gi|2363082272|ref|NR_179383.1|	Streptococcus vulneris	Streptococcus vulneris	100.000	252	0	0	1	252	539	790	3.35e-131
Streptococcus_8	gi|2221405274|ref|NR_175455.1|	Streptococcus downii	Streptococcus downii	100.000	252	0	0	1	252	520	771	3.35e-131
Streptococcus_8	gi|1811131562|ref|NR_165744.1|	Streptococcus gwangjuense	Streptococcus gwangjuense	100.000	252	0	0	1	252	521	772	3.35e-131
Streptococcus_8	gi|645320536|ref|NR_117719.1|	Streptococcus oralis subsp. dentisani	Streptococcus oralis subsp. dentisani	100.000	252	0	0	1	252	532	783	3.35e-131
Streptococcus_8	gi|636559674|ref|NR_115734.1|	Streptococcus oralis	Streptococcus oralis	100.000	252	0	0	1	252	515	766	3.35e-131
Streptococcus_8	gi|636559672|ref|NR_115732.1|	Streptococcus mitis	Streptococcus mitis	100.000	252	0	0	1	252	514	765	3.35e-131
Streptococcus_8	gi|636559501|ref|NR_115561.1|	Streptococcus gordonii	Streptococcus gordonii	100.000	252	0	0	1	252	542	793	3.35e-131
Streptococcus_8	gi|636559500|ref|NR_115560.1|	Streptococcus mitis	Streptococcus mitis	100.000	252	0	0	1	252	532	783	3.35e-131
Streptococcus_8	gi|631253215|ref|NR_114413.1|	Streptococcus oralis ATCC 35037	Streptococcus oralis ATCC 35037	100.000	252	0	0	1	252	537	788	3.35e-131
Streptococcus_8	gi|265678362|ref|NR_028664.1|	Streptococcus mitis	Streptococcus mitis	100.000	252	0	0	1	252	535	786	3.35e-131
Streptococcus_8	gi|645321213|ref|NR_118234.1|	Streptococcus oralis subsp. tigurinus AZ_3a	Streptococcus oralis subsp. tigurinus AZ_3a	100.000	252	0	0	1	252	531	782	3.35e-131
Streptococcus_8	gi|636559183|ref|NR_115240.1|	Streptococcus mitis	Streptococcus mitis	100.000	252	0	0	1	252	512	763	3.35e-131
Streptococcus_8	gi|343202571|ref|NR_042928.1|	Streptococcus infantis ATCC 700779	Streptococcus infantis ATCC 700779	100.000	252	0	0	1	252	512	763	3.35e-131
Streptococcus_8	gi|343202570|ref|NR_042927.1|	Streptococcus oralis ATCC 35037	Streptococcus oralis ATCC 35037	100.000	252	0	0	1	252	514	765	3.35e-131
Streptococcus_8	gi|636560150|ref|NR_116210.1|	Streptococcus oralis ATCC 35037	Streptococcus oralis ATCC 35037	100.000	252	0	0	1	252	377	628	3.35e-131
Streptococcus_8	gi|636560149|ref|NR_116209.1|	Streptococcus cristatus AS 1.3089	Streptococcus cristatus AS 1.3089	100.000	252	0	0	1	252	437	688	3.35e-131
Streptococcus_8	gi|636560147|ref|NR_116207.1|	Streptococcus mitis	Streptococcus mitis	100.000	252	0	0	1	252	377	628	3.35e-131
Streptococcus_8	gi|636560146|ref|NR_116206.1|	Streptococcus infantis ATCC 700779	Streptococcus infantis ATCC 700779	100.000	252	0	0	1	252	437	688	3.35e-131
Streptococcus_10	gi|2363080549|ref|NR_178515.1|	Streptococcus ilei	Streptococcus ilei	100.000	252	0	0	1	252	514	765	3.35e-131
Streptococcus_10	gi|566085621|ref|NR_109720.1|	Streptococcus rubneri	Streptococcus rubneri	100.000	252	0	0	1	252	508	759	3.35e-131
Streptococcus_10	gi|636559675|ref|NR_115735.1|	Streptococcus parasanguinis ATCC 15912	Streptococcus parasanguinis ATCC 15912	100.000	252	0	0	1	252	505	756	3.35e-131
Streptococcus_10	gi|636559184|ref|NR_115241.1|	Streptococcus parasanguinis ATCC 15912	Streptococcus parasanguinis ATCC 15912	100.000	252	0	0	1	252	514	765	3.35e-131
Streptococcus_10	gi|310975072|ref|NR_036936.1|	Streptococcus australis	Streptococcus australis	100.000	252	0	0	1	252	514	765	3.35e-131
Streptococcus_10	gi|636560151|ref|NR_116211.1|	Streptococcus parasanguinis ATCC 15912	Streptococcus parasanguinis ATCC 15912	100.000	252	0	0	1	252	437	688	3.35e-131
Actinomyces_odontolyticus_15	gi|631253197|ref|NR_114395.1|	Schaalia odontolytica	Schaalia odontolytica	100.000	253	0	0	1	253	518	770	9.34e-132
Actinomyces_odontolyticus_15	gi|343201257|ref|NR_041983.1|	Schaalia odontolytica	Schaalia odontolytica	100.000	253	0	0	1	253	486	738	9.34e-132
Actinomyces_graevenitzii_22	gi|343201441|ref|NR_042167.1|	Actinomyces graevenitzii	Actinomyces graevenitzii	100.000	253	0	0	1	253	495	747	9.34e-132
Streptococcus_23	gi|631252974|ref|NR_114172.1|	Streptococcus pneumoniae	Streptococcus pneumoniae	100.000	252	0	0	1	252	512	763	3.35e-131
Streptococcus_23	gi|645320244|ref|NR_117496.1|	Streptococcus pneumoniae	Streptococcus pneumoniae	100.000	252	0	0	1	252	512	763	3.35e-131
Streptococcus_23	gi|265678363|ref|NR_028665.1|	Streptococcus pneumoniae	Streptococcus pneumoniae	100.000	252	0	0	1	252	529	780	3.35e-131
Streptococcus_23	gi|636559182|ref|NR_115239.1|	Streptococcus pneumoniae	Streptococcus pneumoniae	100.000	252	0	0	1	252	512	763	3.35e-131
Streptococcus_23	gi|224581432|ref|NR_027214.1|	Streptococcus pseudopneumoniae	Streptococcus pseudopneumoniae	100.000	252	0	0	1	252	512	763	3.35e-131
Streptococcus_23	gi|636560153|ref|NR_116213.1|	Streptococcus pseudopneumoniae ATCC BAA-960 = CCUG 49455	Streptococcus pseudopneumoniae ATCC BAA-960 = CCUG 49455	100.000	252	0	0	1	252	437	688	3.35e-131
Streptococcus_36	gi|219856840|ref|NR_024659.1|	Streptococcus peroris ATCC 700780	Streptococcus peroris ATCC 700780	100.000	252	0	0	1	252	495	746	3.35e-131
Streptococcus_36	gi|636560152|ref|NR_116212.1|	Streptococcus peroris ATCC 700780	Streptococcus peroris ATCC 700780	100.000	252	0	0	1	252	437	688	3.35e-131
Streptococcus_36	gi|645320150|ref|NR_117425.1|	Streptococcus lactarius	Streptococcus lactarius	100.000	252	0	0	1	252	517	768	3.35e-131
Moraxella_lincolnii_47	gi|645320502|ref|NR_117693.1|	Moraxella lincolnii	Moraxella lincolnii	100.000	253	0	0	1	253	495	747	9.34e-132
Moraxella_lincolnii_47	gi|645319834|ref|NR_117189.1|	Moraxella lincolnii	Moraxella lincolnii	100.000	253	0	0	1	253	495	747	9.34e-132
Enterococcus_55	gi|1277396338|ref|NR_152049.1|	Enterococcus saigonensis	Enterococcus saigonensis	100.000	253	0	0	1	253	482	734	9.34e-132
Enterococcus_55	gi|2363086605|ref|NR_181559.1|	Enterococcus larvae	Enterococcus larvae	100.000	253	0	0	1	253	532	784	9.34e-132
Enterococcus_55	gi|694190101|ref|NR_114783.2|	Enterococcus hirae	Enterococcus hirae	100.000	253	0	0	1	253	541	793	9.34e-132
Enterococcus_55	gi|672239021|ref|NR_125610.1|	Enterococcus olivae	Enterococcus olivae	100.000	253	0	0	1	253	492	744	9.34e-132
Enterococcus_55	gi|444439707|ref|NR_075022.1|	Enterococcus hirae ATCC 9790	Enterococcus hirae ATCC 9790	100.000	253	0	0	1	253	547	799	9.34e-132
Enterococcus_55	gi|631252737|ref|NR_113935.1|	Enterococcus villorum	Enterococcus villorum	100.000	253	0	0	1	253	524	776	9.34e-132
Enterococcus_55	gi|631252736|ref|NR_113934.1|	Enterococcus ratti	Enterococcus ratti	100.000	253	0	0	1	253	525	777	9.34e-132
Enterococcus_55	gi|631252733|ref|NR_113931.1|	Enterococcus canis	Enterococcus canis	100.000	253	0	0	1	253	524	776	9.34e-132
Enterococcus_55	gi|631252729|ref|NR_113927.1|	Enterococcus dispar ATCC 51266	Enterococcus dispar ATCC 51266	100.000	253	0	0	1	253	523	775	9.34e-132
Enterococcus_55	gi|631252708|ref|NR_113906.1|	Enterococcus mundtii	Enterococcus mundtii	100.000	253	0	0	1	253	525	777	9.34e-132
Enterococcus_55	gi|631252706|ref|NR_113904.1|	Enterococcus faecium	Enterococcus faecium	100.000	253	0	0	1	253	525	777	9.34e-132
Enterococcus_55	gi|631252705|ref|NR_113903.1|	Enterococcus faecium	Enterococcus faecium	100.000	253	0	0	1	253	525	777	9.34e-132
Enterococcus_55	gi|631252704|ref|NR_113902.1|	Enterococcus faecalis	Enterococcus faecalis	100.000	253	0	0	1	253	525	777	9.34e-132
Enterococcus_55	gi|631252703|ref|NR_113901.1|	Enterococcus faecalis	Enterococcus faecalis	100.000	253	0	0	1	253	525	777	9.34e-132
Enterococcus_55	gi|631252376|ref|NR_113574.1|	Enterococcus hirae	Enterococcus hirae	100.000	253	0	0	1	253	525	777	9.34e-132
Enterococcus_55	gi|631252059|ref|NR_113257.1|	Enterococcus durans	Enterococcus durans	100.000	253	0	0	1	253	525	777	9.34e-132
Enterococcus_55	gi|645320332|ref|NR_117562.1|	Enterococcus lactis	Enterococcus lactis	100.000	253	0	0	1	253	502	754	9.34e-132
Enterococcus_55	gi|343201660|ref|NR_042386.1|	Enterococcus canintestini	Enterococcus canintestini	100.000	253	0	0	1	253	524	776	9.34e-132
Enterococcus_55	gi|636559704|ref|NR_115764.1|	Enterococcus faecium	Enterococcus faecium	100.000	253	0	0	1	253	525	777	9.34e-132
Enterococcus_55	gi|645322575|ref|NR_119293.1|	Enterococcus dispar	Enterococcus dispar	100.000	253	0	0	1	253	518	770	9.34e-132
Enterococcus_55	gi|636558686|ref|NR_114743.1|	Enterococcus hirae	Enterococcus hirae	100.000	253	0	0	1	253	535	787	9.34e-132
Enterococcus_55	gi|636558685|ref|NR_114742.1|	Enterococcus faecium	Enterococcus faecium	100.000	253	0	0	1	253	533	785	9.34e-132
Enterococcus_55	gi|636558396|ref|NR_114452.1|	Enterococcus hirae	Enterococcus hirae	100.000	253	0	0	1	253	523	775	9.34e-132
Enterococcus_55	gi|343200102|ref|NR_040789.1|	Enterococcus faecalis	Enterococcus faecalis	100.000	253	0	0	1	253	544	796	9.34e-132
Enterococcus_55	gi|310975218|ref|NR_037082.1|	Enterococcus hirae	Enterococcus hirae	100.000	253	0	0	1	253	535	787	9.34e-132
Enterococcus_55	gi|310975058|ref|NR_036922.1|	Enterococcus durans	Enterococcus durans	100.000	253	0	0	1	253	536	788	9.34e-132
Enterococcus_55	gi|310975057|ref|NR_036921.1|	Enterococcus villorum	Enterococcus villorum	100.000	253	0	0	1	253	525	777	9.34e-132
Enterococcus_55	gi|219857275|ref|NR_024906.1|	Enterococcus mundtii	Enterococcus mundtii	100.000	253	0	0	1	253	524	776	9.34e-132
Enterococcus_55	gi|219857273|ref|NR_024904.1|	Enterococcus dispar ATCC 51266	Enterococcus dispar ATCC 51266	100.000	253	0	0	1	253	539	791	9.34e-132
Enterococcus_55	gi|645319670|ref|NR_117043.1|	Enterococcus rivorum	Enterococcus rivorum	100.000	253	0	0	1	253	525	777	9.34e-132
Enterococcus_55	gi|343201178|ref|NR_041933.1|	Enterococcus ratti	Enterococcus ratti	100.000	253	0	0	1	253	525	777	9.34e-132
Enterococcus_55	gi|636559705|ref|NR_115765.1|	Enterococcus faecalis	Enterococcus faecalis	100.000	253	0	0	1	253	525	777	9.34e-132
Enterococcus_55	gi|631252702|ref|NR_113900.1|	Enterococcus durans	Enterococcus durans	100.000	253	0	0	1	253	525	777	9.34e-132
Enterococcus_55	gi|631252058|ref|NR_113256.1|	Enterococcus hirae	Enterococcus hirae	100.000	253	0	0	1	253	525	777	9.34e-132
Moraxella_86	gi|636560858|ref|NR_116918.1|	Moraxella porci DSM 25326	Moraxella porci DSM 25326	100.000	253	0	0	1	253	453	705	9.34e-132
Moraxella_91	gi|449372138|ref|NR_043583.2|	Moraxella bovoculi 237	Moraxella bovoculi 237	100.000	253	0	0	1	253	462	714	9.34e-132
Moraxella_91	gi|631252841|ref|NR_114039.1|	Moraxella lacunata	Moraxella lacunata	100.000	253	0	0	1	253	496	748	9.34e-132
Moraxella_91	gi|631253218|ref|NR_114416.1|	Moraxella lacunata	Moraxella lacunata	100.000	253	0	0	1	253	488	740	9.34e-132
Moraxella_91	gi|343201007|ref|NR_041694.1|	Moraxella equi	Moraxella equi	100.000	253	0	0	1	253	488	740	9.34e-132
Moraxella_91	gi|310974961|ref|NR_036825.1|	Moraxella lacunata	Moraxella lacunata	100.000	253	0	0	1	253	516	768	9.34e-132
Streptococcus_126	gi|631252064|ref|NR_113262.1|	Streptococcus agalactiae ATCC 13813	Streptococcus agalactiae ATCC 13813	100.000	252	0	0	1	252	514	765	3.35e-131
Streptococcus_126	gi|645320253|ref|NR_117503.1|	Streptococcus agalactiae ATCC 13813	Streptococcus agalactiae ATCC 13813	100.000	252	0	0	1	252	501	752	3.35e-131
Streptococcus_126	gi|636559668|ref|NR_115728.1|	Streptococcus agalactiae ATCC 13813	Streptococcus agalactiae ATCC 13813	100.000	252	0	0	1	252	506	757	3.35e-131
Streptococcus_126	gi|343200134|ref|NR_040821.1|	Streptococcus agalactiae ATCC 13813	Streptococcus agalactiae ATCC 13813	100.000	252	0	0	1	252	514	765	3.35e-131
Streptococcus_133	gi|631250891|ref|NR_112088.1|	Streptococcus pyogenes	Streptococcus pyogenes	100.000	252	0	0	1	252	514	765	3.35e-131
Streptococcus_133	gi|265678297|ref|NR_028598.1|	Streptococcus pyogenes	Streptococcus pyogenes	100.000	252	0	0	1	252	496	747	3.35e-131
Actinomyces_143	gi|559795304|ref|NR_104896.1|	Actinomyces oris	Actinomyces oris	100.000	253	0	0	1	253	485	737	9.34e-132
Actinomyces_143	gi|631252128|ref|NR_113326.1|	Actinomyces naeslundii	Actinomyces naeslundii	100.000	253	0	0	1	253	543	795	9.34e-132
Actinomyces_143	gi|310975169|ref|NR_037033.1|	Actinomyces naeslundii	Actinomyces naeslundii	100.000	253	0	0	1	253	534	786	9.34e-132
Actinomyces_143	gi|645320060|ref|NR_117358.1|	Actinomyces oris	Actinomyces oris	100.000	253	0	0	1	253	540	792	9.34e-132
Actinomyces_143	gi|631251862|ref|NR_113060.1|	Actinomyces oris	Actinomyces oris	100.000	253	0	0	1	253	540	792	9.34e-132
Actinomyces_143	gi|631251832|ref|NR_113030.1|	Actinomyces viscosus	Actinomyces viscosus	100.000	253	0	0	1	253	525	777	9.34e-132
Streptococcus_148	gi|631252062|ref|NR_113260.1|	Streptococcus sanguinis	Streptococcus sanguinis	100.000	252	0	0	1	252	514	765	3.35e-131
Streptococcus_148	gi|636559676|ref|NR_115736.1|	Streptococcus sanguinis SK1 = NCTC 7863	Streptococcus sanguinis SK1 = NCTC 7863	100.000	252	0	0	1	252	461	712	3.35e-131
Streptococcus_148	gi|631250799|ref|NR_111994.1|	Streptococcus sanguinis SK1 = NCTC 7863	Streptococcus sanguinis SK1 = NCTC 7863	100.000	252	0	0	1	252	460	711	3.35e-131
Streptococcus_148	gi|219857213|ref|NR_024841.1|	Streptococcus sanguinis SK1 = NCTC 7863	Streptococcus sanguinis SK1 = NCTC 7863	100.000	252	0	0	1	252	528	779	3.35e-131
Streptococcus_150	gi|265678434|ref|NR_028736.1|	Streptococcus intermedius	Streptococcus intermedius	100.000	252	0	0	1	252	538	789	3.35e-131
Actinomyces_bouchesdurhonensis_196	gi|2363082563|ref|NR_179528.1|	Actinomyces bouchesdurhonensis	Actinomyces bouchesdurhonensis	100.000	253	0	0	1	253	503	755	9.34e-132
Streptococcus_202	gi|1269847384|ref|NR_041722.2|	Streptococcus anginosus SK52 = DSM 20563	Streptococcus anginosus SK52 = DSM 20563	100.000	252	0	0	1	252	549	800	3.35e-131
Streptococcus_202	gi|2363082186|ref|NR_179340.1|	Streptococcus vaginalis	Streptococcus vaginalis	100.000	252	0	0	1	252	549	800	3.35e-131
Streptococcus_202	gi|645321286|ref|NR_118289.1|	Streptococcus anginosus	Streptococcus anginosus	100.000	252	0	0	1	252	522	773	3.35e-131
Streptococcus_202	gi|645321328|ref|NR_118320.1|	Streptococcus anginosus subsp. whileyi	Streptococcus anginosus subsp. whileyi	100.000	252	0	0	1	252	480	731	3.35e-131
Streptococcus_202	gi|631251508|ref|NR_112705.1|	Streptococcus anginosus SK52 = DSM 20563	Streptococcus anginosus SK52 = DSM 20563	100.000	252	0	0	1	252	433	684	3.35e-131
Staphylococcus_217	gi|2363086496|ref|NR_181502.1|	Staphylococcus durrellii	Staphylococcus durrellii	100.000	253	0	0	1	253	539	791	9.34e-132
Staphylococcus_217	gi|2363086494|ref|NR_181501.1|	Staphylococcus lloydii	Staphylococcus lloydii	100.000	253	0	0	1	253	539	791	9.34e-132
Staphylococcus_217	gi|219856848|ref|NR_024667.1|	Staphylococcus kloosii	Staphylococcus kloosii	100.000	253	0	0	1	253	534	786	9.34e-132
Staphylococcus_217	gi|219856845|ref|NR_024664.1|	Staphylococcus arlettae	Staphylococcus arlettae	100.000	253	0	0	1	253	534	786	9.34e-132
Mycobacterium_223	gi|2363085882|ref|NR_181193.1|	Mycolicibacterium vinylchloridicum	Mycolicibacterium vinylchloridicum	100.000	253	0	0	1	253	508	760	9.34e-132
Mycobacterium_223	gi|1018196613|ref|NR_136492.1|	Mycolicibacterium anyangense	Mycolicibacterium anyangense	100.000	253	0	0	1	253	507	759	9.34e-132
Mycobacterium_223	gi|1445136036|ref|NR_158076.1|	Mycobacterium aquiterrae	Mycobacterium aquiterrae	100.000	253	0	0	1	253	498	750	9.34e-132
Mycobacterium_223	gi|645320787|ref|NR_117909.1|	Mycolicibacterium iranicum	Mycolicibacterium iranicum	100.000	253	0	0	1	253	476	728	9.34e-132
Mycobacterium_223	gi|645320752|ref|NR_117884.1|	Mycolicibacterium murale	Mycolicibacterium murale	100.000	253	0	0	1	253	479	731	9.34e-132
Mycobacterium_223	gi|219857647|ref|NR_025236.1|	Mycolicibacterium tokaiense	Mycolicibacterium tokaiense	100.000	253	0	0	1	253	479	731	9.34e-132
Mycobacterium_223	gi|636559175|ref|NR_115232.1|	Mycolicibacterium mageritense	Mycolicibacterium mageritense	100.000	253	0	0	1	253	500	752	9.34e-132
Mycobacterium_223	gi|645322522|ref|NR_119253.1|	Mycolicibacterium wolinskyi	Mycolicibacterium wolinskyi	100.000	253	0	0	1	253	430	682	9.34e-132
Mycobacterium_223	gi|636558391|ref|NR_114447.1|	Mycolicibacterium peregrinum	Mycolicibacterium peregrinum	100.000	253	0	0	1	253	456	708	9.34e-132
Mycobacterium_223	gi|343201539|ref|NR_042265.1|	Mycolicibacterium mageritense DSM 44476 = CIP 104973	Mycolicibacterium mageritense DSM 44476 = CIP 104973	100.000	253	0	0	1	253	490	742	9.34e-132
Mycobacterium_223	gi|961555126|ref|NR_134094.1|	Mycolicibacterium hippocampi	Mycolicibacterium hippocampi	100.000	253	0	0	1	253	480	732	9.34e-132
Mycobacterium_223	gi|636560497|ref|NR_116557.1|	Mycolicibacterium bacteremicum	Mycolicibacterium bacteremicum	100.000	253	0	0	1	253	491	743	9.34e-132
Mycobacterium_223	gi|559795105|ref|NR_104691.1|	Mycolicibacterium murale	Mycolicibacterium murale	100.000	253	0	0	1	253	488	740	9.34e-132
Mycobacterium_223	gi|343202566|ref|NR_042922.1|	Mycolicibacterium wolinskyi	Mycolicibacterium wolinskyi	100.000	253	0	0	1	253	500	752	9.34e-132
Mycobacterium_223	gi|219846147|ref|NR_025737.1|	Mycolicibacterium canariasense	Mycolicibacterium canariasense	100.000	253	0	0	1	253	458	710	9.34e-132
Mycobacterium_223	gi|219846481|ref|NR_026073.1|	Mycolicibacterium duvalii	Mycolicibacterium duvalii	100.000	253	0	0	1	253	493	745	9.34e-132
Mycobacterium_223	gi|219846197|ref|NR_025787.1|	Mycolicibacterium cosmeticum	Mycolicibacterium cosmeticum	100.000	253	0	0	1	253	494	746	9.34e-132
Streptococcus_228	gi|645321325|ref|NR_118318.1|	Streptococcus constellatus subsp. pharyngis SK1060 = CCUG 46377	Streptococcus constellatus subsp. pharyngis SK1060 = CCUG 46377	100.000	252	0	0	1	252	480	731	3.35e-131
Streptococcus_228	gi|645320152|ref|NR_117426.1|	Streptococcus anginosus SK52 = DSM 20563	Streptococcus anginosus SK52 = DSM 20563	100.000	252	0	0	1	252	514	765	3.35e-131
Streptococcus_228	gi|343202506|ref|NR_042833.1|	Streptococcus constellatus subsp. pharyngis	Streptococcus constellatus subsp. pharyngis	100.000	252	0	0	1	252	516	767	3.35e-131
Streptococcus_228	gi|631251507|ref|NR_112704.1|	Streptococcus constellatus	Streptococcus constellatus	100.000	252	0	0	1	252	433	684	3.35e-131
Streptococcus_234	gi|1384992323|ref|NR_156072.1|	Streptococcus himalayensis	Streptococcus himalayensis	100.000	252	0	0	1	252	534	785	3.35e-131
Streptococcus_234	gi|265678364|ref|NR_028666.1|	Streptococcus gordonii	Streptococcus gordonii	100.000	252	0	0	1	252	538	789	3.35e-131
Streptococcus_234	gi|636559185|ref|NR_115242.1|	Streptococcus gordonii	Streptococcus gordonii	100.000	252	0	0	1	252	522	773	3.35e-131
Streptococcus_234	gi|636560145|ref|NR_116205.1|	Streptococcus gordonii	Streptococcus gordonii	100.000	252	0	0	1	252	437	688	3.35e-131
Proteus_235	gi|631253221|ref|NR_114419.1|	Proteus mirabilis	Proteus mirabilis	100.000	253	0	0	1	253	521	773	9.34e-132
Proteus_235	gi|631252146|ref|NR_113344.1|	Proteus mirabilis	Proteus mirabilis	100.000	253	0	0	1	253	507	759	9.34e-132
Proteus_235	gi|343205640|ref|NR_043999.1|	Proteus myxofaciens ATCC 19692	Proteus myxofaciens ATCC 19692	100.000	253	0	0	1	253	504	756	9.34e-132
Streptococcus_mutans_253	gi|631252443|ref|NR_113641.1|	Streptococcus mutans	Streptococcus mutans	100.000	252	0	0	1	252	522	773	3.35e-131
Streptococcus_mutans_253	gi|636559673|ref|NR_115733.1|	Streptococcus mutans	Streptococcus mutans	100.000	252	0	0	1	252	520	771	3.35e-131
Streptococcus_mutans_253	gi|636558669|ref|NR_114726.1|	Streptococcus mutans	Streptococcus mutans	100.000	252	0	0	1	252	522	773	3.35e-131
Streptococcus_mutans_253	gi|343198516|ref|NR_042772.1|	Streptococcus mutans	Streptococcus mutans	100.000	252	0	0	1	252	544	795	3.35e-131
Streptococcus_mutans_253	gi|636560148|ref|NR_116208.1|	Streptococcus mutans	Streptococcus mutans	100.000	252	0	0	1	252	377	628	3.35e-131
Staphylococcus_256	gi|343198492|ref|NR_041926.1|	Staphylococcus equorum subsp. linens	Staphylococcus equorum subsp. linens	100.000	253	0	0	1	253	533	785	9.34e-132
Staphylococcus_256	gi|228715348|ref|NR_027520.1|	Staphylococcus equorum	Staphylococcus equorum	100.000	253	0	0	1	253	534	786	9.34e-132
Mycobacterium_268	gi|1315203977|ref|NR_152646.1|	Mycolicibacterium sarraceniae	Mycolicibacterium sarraceniae	100.000	253	0	0	1	253	478	730	9.34e-132
Mycobacterium_268	gi|566085633|ref|NR_109733.1|	Mycolicibacterium sediminis	Mycolicibacterium sediminis	100.000	253	0	0	1	253	507	759	9.34e-132
Mycobacterium_268	gi|343201498|ref|NR_042224.1|	Mycolicibacterium fluoranthenivorans	Mycolicibacterium fluoranthenivorans	100.000	253	0	0	1	253	489	741	9.34e-132
Mycobacterium_268	gi|343198480|ref|NR_041903.1|	Mycolicibacterium diernhoferi	Mycolicibacterium diernhoferi	100.000	253	0	0	1	253	479	731	9.34e-132
Mycobacterium_268	gi|310975207|ref|NR_037071.1|	Mycolicibacterium gilvum	Mycolicibacterium gilvum	100.000	253	0	0	1	253	473	725	9.34e-132
Mycobacterium_268	gi|219878254|ref|NR_025393.1|	Mycolicibacterium frederiksbergense	Mycolicibacterium frederiksbergense	100.000	253	0	0	1	253	470	722	9.34e-132
Mycobacterium_268	gi|636559127|ref|NR_115184.1|	Mycobacterium hackensackense	Mycobacterium hackensackense	100.000	253	0	0	1	253	486	738	9.34e-132
Actinomyces_300	gi|2363082577|ref|NR_179535.1|	Actinomyces marseillensis	Actinomyces marseillensis	100.000	253	0	0	1	253	521	773	9.34e-132
Micrococcus_318	gi|651343563|ref|NR_075062.2|	Micrococcus luteus	Micrococcus luteus	100.000	253	0	0	1	253	509	761	9.34e-132
Micrococcus_318	gi|961555120|ref|NR_134088.1|	Micrococcus aloeverae	Micrococcus aloeverae	100.000	253	0	0	1	253	491	743	9.34e-132
Micrococcus_318	gi|310975249|ref|NR_037113.1|	Micrococcus luteus	Micrococcus luteus	100.000	253	0	0	1	253	490	742	9.34e-132
Micrococcus_318	gi|219878146|ref|NR_025285.1|	Micrococcus antarcticus	Micrococcus antarcticus	100.000	253	0	0	1	253	486	738	9.34e-132
Micrococcus_318	gi|645319841|ref|NR_117194.1|	Micrococcus cohnii	Micrococcus cohnii	100.000	253	0	0	1	253	487	739	9.34e-132
Micrococcus_318	gi|636558616|ref|NR_114673.1|	Micrococcus luteus	Micrococcus luteus	100.000	253	0	0	1	253	444	696	9.34e-132
Micrococcus_318	gi|343205881|ref|NR_044365.1|	Micrococcus endophyticus	Micrococcus endophyticus	100.000	253	0	0	1	253	461	713	9.34e-132
Micrococcus_318	gi|636560518|ref|NR_116578.1|	Micrococcus yunnanensis	Micrococcus yunnanensis	100.000	253	0	0	1	253	455	707	9.34e-132
Staphylococcus_340	gi|1270533082|ref|NR_074999.2|	Staphylococcus saprophyticus subsp. saprophyticus ATCC 15305 = NCTC 7292	Staphylococcus saprophyticus subsp. saprophyticus ATCC 15305 = NCTC 7292	100.000	253	0	0	1	253	541	793	9.34e-132
Staphylococcus_340	gi|1397641709|ref|NR_156818.1|	Staphylococcus edaphicus	Staphylococcus edaphicus	100.000	253	0	0	1	253	534	786	9.34e-132
Staphylococcus_340	gi|2363083804|ref|NR_180150.1|	Staphylococcus pseudoxylosus	Staphylococcus pseudoxylosus	100.000	253	0	0	1	253	539	791	9.34e-132
Staphylococcus_340	gi|2363083717|ref|NR_180106.1|	Staphylococcus caeli	Staphylococcus caeli	100.000	253	0	0	1	253	541	793	9.34e-132
Staphylococcus_340	gi|631252892|ref|NR_114090.1|	Staphylococcus saprophyticus	Staphylococcus saprophyticus	100.000	253	0	0	1	253	514	766	9.34e-132
Staphylococcus_340	gi|310975189|ref|NR_037053.1|	Staphylococcus casei	Staphylococcus casei	100.000	253	0	0	1	253	521	773	9.34e-132
Staphylococcus_340	gi|310975182|ref|NR_037046.1|	Staphylococcus ureilyticus	Staphylococcus ureilyticus	100.000	253	0	0	1	253	534	786	9.34e-132
Staphylococcus_340	gi|310975043|ref|NR_036907.1|	Staphylococcus xylosus	Staphylococcus xylosus	100.000	253	0	0	1	253	516	768	9.34e-132
Staphylococcus_340	gi|310975039|ref|NR_036903.1|	Staphylococcus gallinarum	Staphylococcus gallinarum	100.000	253	0	0	1	253	516	768	9.34e-132
Staphylococcus_340	gi|310975038|ref|NR_036902.1|	Staphylococcus cohnii	Staphylococcus cohnii	100.000	253	0	0	1	253	516	768	9.34e-132
Staphylococcus_340	gi|265678365|ref|NR_028667.1|	Staphylococcus succinus subsp. succinus	Staphylococcus succinus subsp. succinus	100.000	253	0	0	1	253	537	789	9.34e-132
Staphylococcus_340	gi|631252152|ref|NR_113350.1|	Staphylococcus xylosus	Staphylococcus xylosus	100.000	253	0	0	1	253	514	766	9.34e-132
Staphylococcus_340	gi|631252151|ref|NR_113349.1|	Staphylococcus saprophyticus	Staphylococcus saprophyticus	100.000	253	0	0	1	253	514	766	9.34e-132
Staphylococcus_340	gi|343200637|ref|NR_041324.1|	Staphylococcus saprophyticus	Staphylococcus saprophyticus	100.000	253	0	0	1	253	506	758	9.34e-132
Staphylococcus_340	gi|636559547|ref|NR_115607.1|	Staphylococcus saprophyticus subsp. saprophyticus ATCC 15305 = NCTC 7292	Staphylococcus saprophyticus subsp. saprophyticus ATCC 15305 = NCTC 7292	100.000	253	0	0	1	253	516	768	9.34e-132
