Actinomyces_1926	gi|2363082579|ref|NR_179536.1|	Actinomyces pacaensis	Actinomyces pacaensis	100.000	253	0	0	1	253	520	772	9.34e-132
Streptococcus_2040	gi|1811131565|ref|NR_165747.1|	Streptococcus periodonticum	Streptococcus periodonticum	100.000	250	0	0	1	250	512	761	4.33e-130
Streptococcus_2040	gi|2363084762|ref|NR_180629.1|	Streptococcus symci	Streptococcus symci	100.000	250	0	0	1	250	494	743	4.33e-130
Streptococcus_2040	gi|2363084754|ref|NR_180625.1|	Streptococcus shenyangsis	Streptococcus shenyangsis	100.000	250	0	0	1	250	494	743	4.33e-130
Streptococcus_2040	gi|2363082587|ref|NR_179540.1|	Streptococcus timonensis	Streptococcus timonensis	100.000	250	0	0	1	250	532	781	4.33e-130
Streptococcus_2040	gi|2363082276|ref|NR_179385.1|	Streptococcus toyakuensis	Streptococcus toyakuensis	100.000	250	0	0	1	250	536	785	4.33e-130
Streptococcus_2040	gi|2363082272|ref|NR_179383.1|	Streptococcus vulneris	Streptococcus vulneris	100.000	250	0	0	1	250	539	788	4.33e-130
Streptococcus_2040	gi|2221405274|ref|NR_175455.1|	Streptococcus downii	Streptococcus downii	100.000	250	0	0	1	250	520	769	4.33e-130
Streptococcus_2040	gi|1811131562|ref|NR_165744.1|	Streptococcus gwangjuense	Streptococcus gwangjuense	100.000	250	0	0	1	250	521	770	4.33e-130
Streptococcus_2040	gi|645320536|ref|NR_117719.1|	Streptococcus oralis subsp. dentisani	Streptococcus oralis subsp. dentisani	100.000	250	0	0	1	250	532	781	4.33e-130
Streptococcus_2040	gi|636559674|ref|NR_115734.1|	Streptococcus oralis	Streptococcus oralis	100.000	250	0	0	1	250	515	764	4.33e-130
Streptococcus_2040	gi|636559672|ref|NR_115732.1|	Streptococcus mitis	Streptococcus mitis	100.000	250	0	0	1	250	514	763	4.33e-130
Streptococcus_2040	gi|636559501|ref|NR_115561.1|	Streptococcus gordonii	Streptococcus gordonii	100.000	250	0	0	1	250	542	791	4.33e-130
Streptococcus_2040	gi|636559500|ref|NR_115560.1|	Streptococcus mitis	Streptococcus mitis	100.000	250	0	0	1	250	532	781	4.33e-130
Streptococcus_2040	gi|631253215|ref|NR_114413.1|	Streptococcus oralis ATCC 35037	Streptococcus oralis ATCC 35037	100.000	250	0	0	1	250	537	786	4.33e-130
Streptococcus_2040	gi|265678362|ref|NR_028664.1|	Streptococcus mitis	Streptococcus mitis	100.000	250	0	0	1	250	535	784	4.33e-130
Streptococcus_2040	gi|645321213|ref|NR_118234.1|	Streptococcus oralis subsp. tigurinus AZ_3a	Streptococcus oralis subsp. tigurinus AZ_3a	100.000	250	0	0	1	250	531	780	4.33e-130
Streptococcus_2040	gi|636559183|ref|NR_115240.1|	Streptococcus mitis	Streptococcus mitis	100.000	250	0	0	1	250	512	761	4.33e-130
Streptococcus_2040	gi|343202571|ref|NR_042928.1|	Streptococcus infantis ATCC 700779	Streptococcus infantis ATCC 700779	100.000	250	0	0	1	250	512	761	4.33e-130
Streptococcus_2040	gi|343202570|ref|NR_042927.1|	Streptococcus oralis ATCC 35037	Streptococcus oralis ATCC 35037	100.000	250	0	0	1	250	514	763	4.33e-130
Streptococcus_2040	gi|636560150|ref|NR_116210.1|	Streptococcus oralis ATCC 35037	Streptococcus oralis ATCC 35037	100.000	250	0	0	1	250	377	626	4.33e-130
Streptococcus_2040	gi|636560149|ref|NR_116209.1|	Streptococcus cristatus AS 1.3089	Streptococcus cristatus AS 1.3089	100.000	250	0	0	1	250	437	686	4.33e-130
Streptococcus_2040	gi|636560147|ref|NR_116207.1|	Streptococcus mitis	Streptococcus mitis	100.000	250	0	0	1	250	377	626	4.33e-130
Streptococcus_2040	gi|636560146|ref|NR_116206.1|	Streptococcus infantis ATCC 700779	Streptococcus infantis ATCC 700779	100.000	250	0	0	1	250	437	686	4.33e-130
Acinetobacter_2064	gi|636559242|ref|NR_115299.1|	Acinetobacter seohaensis	Acinetobacter seohaensis	100.000	253	0	0	1	253	503	755	9.34e-132
Actinomyces_2288	gi|959494804|ref|NR_133686.1|	Actinomyces haliotis	Actinomyces haliotis	100.000	253	0	0	1	253	502	754	9.34e-132
Actinomyces_2288	gi|219878240|ref|NR_025379.1|	Actinomyces radicidentis	Actinomyces radicidentis	100.000	253	0	0	1	253	510	762	9.34e-132
Streptococcus_2514	gi|343201094|ref|NR_041781.1|	Streptococcus alactolyticus	Streptococcus alactolyticus	100.000	252	0	0	1	252	523	774	3.35e-131
Streptococcus_2514	gi|310975138|ref|NR_037002.1|	Streptococcus macedonicus	Streptococcus macedonicus	100.000	252	0	0	1	252	534	785	3.35e-131
Streptococcus_2514	gi|343203338|ref|NR_043660.1|	Streptococcus pasteurianus	Streptococcus pasteurianus	100.000	252	0	0	1	252	506	757	3.35e-131
Mycobacterium_2780	gi|1269785373|ref|NR_119093.2|	Mycolicibacterium chlorophenolicum	Mycolicibacterium chlorophenolicum	100.000	253	0	0	1	253	506	758	9.34e-132
Mycobacterium_2780	gi|1445135966|ref|NR_158005.1|	Mycobacterium aquaticum	Mycobacterium aquaticum	100.000	253	0	0	1	253	504	756	9.34e-132
Mycobacterium_2780	gi|2363080215|ref|NR_178332.1|	Mycobacterium dioxanotrophicus	Mycobacterium dioxanotrophicus	100.000	253	0	0	1	253	504	756	9.34e-132
Mycobacterium_2780	gi|1491506724|ref|NR_159107.1|	Mycolicibacterium grossiae	Mycolicibacterium grossiae	100.000	253	0	0	1	253	490	742	9.34e-132
Mycobacterium_2780	gi|343202807|ref|NR_043283.1|	Mycolicibacterium rufum	Mycolicibacterium rufum	100.000	253	0	0	1	253	475	727	9.34e-132
Mycobacterium_2780	gi|343198819|ref|NR_043760.1|	Mycolicibacterium pallens	Mycolicibacterium pallens	100.000	253	0	0	1	253	477	729	9.34e-132
Mycobacterium_2780	gi|343198470|ref|NR_041902.1|	Mycolicibacterium chubuense	Mycolicibacterium chubuense	100.000	253	0	0	1	253	479	731	9.34e-132
Mycobacterium_2780	gi|219857646|ref|NR_025235.1|	Mycolicibacterium poriferae	Mycolicibacterium poriferae	100.000	253	0	0	1	253	481	733	9.34e-132
Mycobacterium_2780	gi|1864207047|ref|NR_169341.1|	Mycolicibacterium palauense	Mycolicibacterium palauense	100.000	253	0	0	1	253	506	758	9.34e-132
Mycobacterium_2780	gi|645322086|ref|NR_118914.1|	Mycolicibacterium chubuense	Mycolicibacterium chubuense	100.000	253	0	0	1	253	505	757	9.34e-132
Mycobacterium_2780	gi|265678732|ref|NR_029037.1|	Mycolicibacterium brisbanense	Mycolicibacterium brisbanense	100.000	253	0	0	1	253	500	752	9.34e-132
Mycobacterium_2780	gi|219878389|ref|NR_025528.1|	Mycolicibacterium pulveris	Mycolicibacterium pulveris	100.000	253	0	0	1	253	491	743	9.34e-132
Mycobacterium_2780	gi|219878387|ref|NR_025526.1|	Mycolicibacterium moriokaense	Mycolicibacterium moriokaense	100.000	253	0	0	1	253	492	744	9.34e-132
Mycobacterium_2780	gi|219878157|ref|NR_025296.1|	Mycolicibacterium elephantis	Mycolicibacterium elephantis	100.000	253	0	0	1	253	505	757	9.34e-132
Mycobacterium_2780	gi|636559274|ref|NR_115331.1|	Mycolicibacterium moriokaense	Mycolicibacterium moriokaense	100.000	253	0	0	1	253	504	756	9.34e-132
Mycobacterium_2780	gi|636559273|ref|NR_115330.1|	Mycobacterium barrassiae	Mycobacterium barrassiae	100.000	253	0	0	1	253	504	756	9.34e-132
Mycobacterium_2780	gi|265678693|ref|NR_028998.1|	Mycolicibacterium psychrotolerans	Mycolicibacterium psychrotolerans	100.000	253	0	0	1	253	502	754	9.34e-132
Mycobacterium_2780	gi|559795185|ref|NR_104774.1|	Mycolicibacterium sphagni	Mycolicibacterium sphagni	100.000	253	0	0	1	253	493	745	9.34e-132
Acinetobacter_3194	gi|1277396356|ref|NR_152069.1|	Acinetobacter pragensis	Acinetobacter pragensis	100.000	253	0	0	1	253	502	754	9.34e-132
Acinetobacter_3194	gi|2363081562|ref|NR_179027.1|	Acinetobacter portensis	Acinetobacter portensis	100.000	253	0	0	1	253	433	685	9.34e-132
Micrococcus_3223	gi|343198848|ref|NR_043881.1|	Micrococcus flavus	Micrococcus flavus	100.000	253	0	0	1	253	464	716	9.34e-132
