Acinetobacter_348	gi|1277396369|ref|NR_152082.1|	Acinetobacter lactucae	Acinetobacter lactucae	100.000	253	0	0	1	253	522	774	9.34e-132
Acinetobacter_348	gi|1277396293|ref|NR_152004.1|	Acinetobacter lactucae	Acinetobacter lactucae	100.000	253	0	0	1	253	522	774	9.34e-132
Acinetobacter_348	gi|2363085834|ref|NR_181169.1|	Acinetobacter geminorum	Acinetobacter geminorum	100.000	253	0	0	1	253	502	754	9.34e-132
Acinetobacter_348	gi|507148007|ref|NR_102814.1|	Acinetobacter oleivorans	Acinetobacter oleivorans	100.000	253	0	0	1	253	528	780	9.34e-132
Acinetobacter_348	gi|645320409|ref|NR_117621.1|	Acinetobacter pittii DSM 21653	Acinetobacter pittii DSM 21653	100.000	253	0	0	1	253	522	774	9.34e-132
Acinetobacter_348	gi|645320407|ref|NR_117619.1|	Acinetobacter calcoaceticus	Acinetobacter calcoaceticus	100.000	253	0	0	1	253	522	774	9.34e-132
Acinetobacter_348	gi|645320815|ref|NR_117931.1|	Acinetobacter nosocomialis	Acinetobacter nosocomialis	100.000	253	0	0	1	253	472	724	9.34e-132
Acinetobacter_348	gi|645320814|ref|NR_117930.1|	Acinetobacter pittii	Acinetobacter pittii	100.000	253	0	0	1	253	474	726	9.34e-132
Acinetobacter_348	gi|645322341|ref|NR_119113.1|	Acinetobacter calcoaceticus DSM 30006 = CIP 81.8	Acinetobacter calcoaceticus DSM 30006 = CIP 81.8	100.000	253	0	0	1	253	498	750	9.34e-132
Acinetobacter_348	gi|636558901|ref|NR_114958.1|	Acinetobacter calcoaceticus	Acinetobacter calcoaceticus	100.000	253	0	0	1	253	507	759	9.34e-132
Acinetobacter_348	gi|636558865|ref|NR_114922.1|	Acinetobacter calcoaceticus	Acinetobacter calcoaceticus	100.000	253	0	0	1	253	491	743	9.34e-132
Acinetobacter_348	gi|636558864|ref|NR_114921.1|	Acinetobacter calcoaceticus	Acinetobacter calcoaceticus	100.000	253	0	0	1	253	491	743	9.34e-132
Acinetobacter_348	gi|343201661|ref|NR_042387.1|	Acinetobacter calcoaceticus	Acinetobacter calcoaceticus	100.000	253	0	0	1	253	513	765	9.34e-132
Acinetobacter_348	gi|974142164|ref|NR_134684.1|	Acinetobacter seifertii	Acinetobacter seifertii	100.000	253	0	0	1	253	502	754	9.34e-132
Acinetobacter_348	gi|636560714|ref|NR_116774.1|	Acinetobacter pittii DSM 21653	Acinetobacter pittii DSM 21653	100.000	253	0	0	1	253	523	775	9.34e-132
Acinetobacter_348	gi|631252145|ref|NR_113343.1|	Acinetobacter calcoaceticus	Acinetobacter calcoaceticus	100.000	253	0	0	1	253	502	754	9.34e-132
Acinetobacter_348	gi|636559979|ref|NR_116039.1|	Acinetobacter oleivorans	Acinetobacter oleivorans	100.000	253	0	0	1	253	502	754	9.34e-132
Staphylococcus_358	gi|310975033|ref|NR_036897.1|	Staphylococcus auricularis	Staphylococcus auricularis	100.000	253	0	0	1	253	516	768	9.34e-132
Streptococcus_360	gi|636558797|ref|NR_114854.1|	Streptococcus downei MFe28	Streptococcus downei MFe28	100.000	252	0	0	1	252	533	784	3.35e-131
Streptococcus_360	gi|636558670|ref|NR_114727.1|	Streptococcus sobrinus	Streptococcus sobrinus	100.000	252	0	0	1	252	521	772	3.35e-131
Streptococcus_360	gi|343198518|ref|NR_042774.1|	Streptococcus downei MFe28	Streptococcus downei MFe28	100.000	252	0	0	1	252	547	798	3.35e-131
Streptococcus_360	gi|343198517|ref|NR_042773.1|	Streptococcus sobrinus	Streptococcus sobrinus	100.000	252	0	0	1	252	536	787	3.35e-131
Streptococcus_360	gi|343200773|ref|NR_041460.1|	Streptococcus dentirousetti	Streptococcus dentirousetti	100.000	252	0	0	1	252	543	794	3.35e-131
Streptococcus_411	gi|645321326|ref|NR_118319.1|	Streptococcus constellatus subsp. viborgensis SK1359	Streptococcus constellatus subsp. viborgensis SK1359	100.000	252	0	0	1	252	480	731	3.35e-131
Actinomyces_453	gi|2363082649|ref|NR_179571.1|	Actinomyces oralis	Actinomyces oralis	100.000	253	0	0	1	253	542	794	9.34e-132
Actinomyces_453	gi|559795303|ref|NR_104895.1|	Actinomyces johnsonii	Actinomyces johnsonii	100.000	253	0	0	1	253	521	773	9.34e-132
Actinomyces_453	gi|631251860|ref|NR_113058.1|	Actinomyces johnsonii	Actinomyces johnsonii	100.000	253	0	0	1	253	541	793	9.34e-132
Staphylococcus_519	gi|2363087273|ref|NR_181892.1|	Staphylococcus ratti	Staphylococcus ratti	100.000	253	0	0	1	253	539	791	9.34e-132
Staphylococcus_519	gi|310975037|ref|NR_036901.1|	Staphylococcus chromogenes	Staphylococcus chromogenes	100.000	253	0	0	1	253	516	768	9.34e-132
Actinomyces_cardiffensis_586	gi|219878382|ref|NR_025521.1|	Schaalia cardiffensis	Schaalia cardiffensis	100.000	253	0	0	1	253	514	766	9.34e-132
Streptococcus_640	gi|526641946|ref|NR_103943.1|	Streptococcus cristatus AS 1.3089	Streptococcus cristatus AS 1.3089	100.000	252	0	0	1	252	540	791	3.35e-131
Streptococcus_640	gi|636559217|ref|NR_115274.1|	Streptococcus cristatus ATCC 51100	Streptococcus cristatus ATCC 51100	100.000	252	0	0	1	252	512	763	3.35e-131
Streptococcus_640	gi|343198515|ref|NR_042771.1|	Streptococcus cristatus ATCC 51100	Streptococcus cristatus ATCC 51100	100.000	252	0	0	1	252	532	783	3.35e-131
Streptococcus_640	gi|265678747|ref|NR_029052.1|	Streptococcus cristatus	Streptococcus cristatus	100.000	252	0	0	1	252	502	753	3.35e-131
Streptococcus_640	gi|265678529|ref|NR_028833.1|	Streptococcus sinensis	Streptococcus sinensis	100.000	252	0	0	1	252	541	792	3.35e-131
Streptococcus_640	gi|636560144|ref|NR_116204.1|	Streptococcus cristatus ATCC 51100	Streptococcus cristatus ATCC 51100	100.000	252	0	0	1	252	437	688	3.35e-131
Staphylococcus_826	gi|1024974815|ref|NR_136816.1|	Staphylococcus argensis	Staphylococcus argensis	100.000	253	0	0	1	253	507	759	9.34e-132
Staphylococcus_826	gi|636558539|ref|NR_114596.1|	Staphylococcus pettenkoferi	Staphylococcus pettenkoferi	100.000	253	0	0	1	253	534	786	9.34e-132
Actinomyces_israelii_839	gi|631253203|ref|NR_114401.1|	Actinomyces israelii	Actinomyces israelii	100.000	253	0	0	1	253	537	789	9.34e-132
Acinetobacter_988	gi|1230874683|ref|NR_148844.1|	Acinetobacter dispersus	Acinetobacter dispersus	100.000	253	0	0	1	253	502	754	9.34e-132
Acinetobacter_988	gi|645320420|ref|NR_117630.1|	Acinetobacter tandoii	Acinetobacter tandoii	100.000	253	0	0	1	253	522	774	9.34e-132
Acinetobacter_988	gi|645320419|ref|NR_117629.1|	Acinetobacter tjernbergiae	Acinetobacter tjernbergiae	100.000	253	0	0	1	253	522	774	9.34e-132
Acinetobacter_988	gi|645320411|ref|NR_117622.1|	Acinetobacter haemolyticus	Acinetobacter haemolyticus	100.000	253	0	0	1	253	522	774	9.34e-132
Acinetobacter_988	gi|645319840|ref|NR_117193.1|	Acinetobacter tjernbergiae	Acinetobacter tjernbergiae	100.000	253	0	0	1	253	518	770	9.34e-132
Acinetobacter_988	gi|645320260|ref|NR_117508.1|	Acinetobacter tandoii	Acinetobacter tandoii	100.000	253	0	0	1	253	439	691	9.34e-132
Acinetobacter_988	gi|219878286|ref|NR_025425.1|	Acinetobacter parvus	Acinetobacter parvus	100.000	253	0	0	1	253	492	744	9.34e-132
Acinetobacter_988	gi|343201508|ref|NR_042234.1|	Acinetobacter beijerinckii	Acinetobacter beijerinckii	100.000	253	0	0	1	253	484	736	9.34e-132
Acinetobacter_988	gi|219846615|ref|NR_026207.1|	Acinetobacter haemolyticus	Acinetobacter haemolyticus	100.000	253	0	0	1	253	498	750	9.34e-132
